Thời điểm xảy ra lỗi: 10:17:36 AM
Chi tiết lỗi:  data_html_banner: [{"link":"https://static.eclick.vn/html5/vs_002/ads/n/neptune/2025/12/26/214082/970x90/dfp/pc/std/fixed/index.html","size":"970x90"}]
-------------------------------------------
Thời điểm xảy ra lỗi: 10:17:36 AM
Chi tiết lỗi:  data_html_banner_02: [{"name":"Banner_970x90","click_through_url":"https://www.facebook.com/NeptuneCookingOil","iframe_url":"https://static.eclick.vn/html5/vs_002/ads/n/neptune/2025/12/26/214082/970x90/dfp/pc/std/fixed/index.html","ads_size":"970x90","input_size":null,"index_industrial":"G1002_Tiêu dùng - đồ uống","index_brand":"QB1001.32_Calofic","campaign_name":"Banner Sticky Home PC - CLF - Tháng 1/2025","creative_type":1,"creative_template":"Iframer Tracking","creative_url":"","run_mode":"iframe","thirparty":null,"Id":1,"index":0,"line_item_sync":0,"add_sizes":null,"third_party_tracking":[],"overlay_card":1,"data_creative_id":0,"safe_frame":0}]
-------------------------------------------
Thời điểm xảy ra lỗi: 10:17:36 AM
Chi tiết lỗi:  data_html_banner_04: [{"Platform":"Desktop","PositionName":"Sticky","Ads_Size":"Out-of-page","Creative_Size":"970x90","Percent":100,"Creative_Type":"1","IsPlacement":0,"Overlay_Card":1,"CategoryId":"","CategoryName":"Home","Input_Size":"970x90","Item_Type":2,"Safe_Frame":0,"USD":1}]
-------------------------------------------
Thời điểm xảy ra lỗi: 10:20:53 AM
Chi tiết lỗi:  data_html_banner: [{"link":"https://static.eclick.vn/html5/vs_001/ads/g/goldcoastvungtau/2025/12/13/212605/1920x270/dfp/pc/rmd/fixed/index.html","size":"1920x270"},{"link":"https://static.eclick.vn/html5/vs_007/ads/g/goldcoastvungtau/2025/12/13/212605/300x600/dfp/pc/std/fixed/index.html","size":"300x600"},{"link":"https://static.eclick.vn/html5/vs_001/ads/g/goldcoastvungtau/2025/12/13/212605/414x207/dfp/mobile/std/resp/index.html","size":"414x207"},{"link":"https://static.eclick.vn/html5/vs_001/ads/g/goldcoastvungtau/2025/12/13/212605/480x960/dfp/mobile/rmd/resp/inpage/index.html","size":"480x960"},{"link":"https://static.eclick.vn/html5/vs_001/ads/g/goldcoastvungtau/2025/12/13/212605/670x376/dfp/pc/std/resp/index.html","size":"670x376"}]
-------------------------------------------
Thời điểm xảy ra lỗi: 10:20:53 AM
Chi tiết lỗi:  data_html_banner_02: [{"name":"Banner_1920x270","click_through_url":"https://goldcoast-vungtau.com.vn/?utm_source=FPT&utm_medium=Vip1&utm_campaign=CPM","iframe_url":"https://static.eclick.vn/html5/vs_001/ads/g/goldcoastvungtau/2025/12/13/212605/1920x270/dfp/pc/rmd/fixed/index.html","ads_size":"1920x270","input_size":null,"index_industrial":"L1001_Bất động sản ","index_brand":"LB1001.1015_Gold Coast","campaign_name":"GoldCoast Vũng Tàu_Vip 1_12/01/2026 - 18/01/2026","creative_type":1,"creative_template":"Iframer Tracking","creative_url":"","run_mode":"iframe","thirparty":null,"Id":1,"index":0,"line_item_sync":0,"add_sizes":null,"third_party_tracking":[],"overlay_card":1,"data_creative_id":0,"safe_frame":0},{"name":"Banner_300x600","click_through_url":"https://goldcoast-vungtau.com.vn/?utm_source=FPT&utm_medium=Vip1&utm_campaign=CPM","iframe_url":"https://static.eclick.vn/html5/vs_007/ads/g/goldcoastvungtau/2025/12/13/212605/300x600/dfp/pc/std/fixed/index.html","ads_size":"300x600","input_size":null,"index_industrial":"L1001_Bất động sản ","index_brand":"LB1001.1015_Gold Coast","campaign_name":"GoldCoast Vũng Tàu_Vip 1_12/01/2026 - 18/01/2026","creative_type":1,"creative_template":"Iframer Tracking","creative_url":"","run_mode":"iframe","thirparty":null,"Id":2,"index":0,"line_item_sync":0,"add_sizes":null,"third_party_tracking":[],"overlay_card":1,"data_creative_id":0,"safe_frame":0},{"name":"Banner_414x207","click_through_url":"https://goldcoast-vungtau.com.vn/?utm_source=FPT&utm_medium=Vip1&utm_campaign=CPM","iframe_url":"https://static.eclick.vn/html5/vs_001/ads/g/goldcoastvungtau/2025/12/13/212605/414x207/dfp/mobile/std/resp/index.html","ads_size":"414x207","input_size":null,"index_industrial":"L1001_Bất động sản ","index_brand":"LB1001.1015_Gold Coast","campaign_name":"GoldCoast Vũng Tàu_Vip 1_12/01/2026 - 18/01/2026","creative_type":1,"creative_template":"Iframer Tracking","creative_url":"","run_mode":"iframe","thirparty":null,"Id":3,"index":0,"line_item_sync":0,"add_sizes":null,"third_party_tracking":[],"overlay_card":1,"data_creative_id":0,"safe_frame":0},{"name":"Banner_480x960","click_through_url":"https://goldcoast-vungtau.com.vn/?utm_source=FPT&utm_medium=Vip1&utm_campaign=CPM","iframe_url":"https://static.eclick.vn/html5/vs_001/ads/g/goldcoastvungtau/2025/12/13/212605/480x960/dfp/mobile/rmd/resp/inpage/index.html","ads_size":"480x960","input_size":null,"index_industrial":"L1001_Bất động sản ","index_brand":"LB1001.1015_Gold Coast","campaign_name":"GoldCoast Vũng Tàu_Vip 1_12/01/2026 - 18/01/2026","creative_type":1,"creative_template":"Iframer Tracking","creative_url":"","run_mode":"iframe","thirparty":null,"Id":4,"index":0,"line_item_sync":0,"add_sizes":null,"third_party_tracking":[],"overlay_card":1,"data_creative_id":0,"safe_frame":0},{"name":"Banner_670x376","click_through_url":"https://goldcoast-vungtau.com.vn/?utm_source=FPT&utm_medium=Vip1&utm_campaign=CPM","iframe_url":"https://static.eclick.vn/html5/vs_001/ads/g/goldcoastvungtau/2025/12/13/212605/670x376/dfp/pc/std/resp/index.html","ads_size":"670x376","input_size":null,"index_industrial":"L1001_Bất động sản ","index_brand":"LB1001.1015_Gold Coast","campaign_name":"GoldCoast Vũng Tàu_Vip 1_12/01/2026 - 18/01/2026","creative_type":1,"creative_template":"Iframer Tracking","creative_url":"","run_mode":"iframe","thirparty":null,"Id":5,"index":0,"line_item_sync":0,"add_sizes":null,"third_party_tracking":[],"overlay_card":1,"data_creative_id":0,"safe_frame":0}]
-------------------------------------------
Thời điểm xảy ra lỗi: 10:20:53 AM
Chi tiết lỗi:  data_html_banner_04: [{"Platform":"Desktop","PositionName":"VIP1(1920x270)","Ads_Size":"1920x270","Creative_Size":"1920x270","Percent":100,"Creative_Type":"1","IsPlacement":1,"Overlay_Card":1,"CategoryId":"","CategoryName":"VIP 1","Input_Size":"","Item_Type":5,"Safe_Frame":0,"USD":1}]
-------------------------------------------
Thời điểm xảy ra lỗi: 01:08:45 PM
Chi tiết lỗi:  data_html_banner: [{"link":"https://static.eclick.vn/html5/vs_001/ads/g/goldcoastvungtau/2025/12/13/212605/1920x270/dfp/pc/rmd/fixed/index.html","size":"1920x270"},{"link":"https://static.eclick.vn/html5/vs_007/ads/g/goldcoastvungtau/2025/12/13/212605/300x600/dfp/pc/std/fixed/index.html","size":"300x600"},{"link":"https://static.eclick.vn/html5/vs_001/ads/g/goldcoastvungtau/2025/12/13/212605/414x207/dfp/mobile/std/resp/index.html","size":"414x207"},{"link":"https://static.eclick.vn/html5/vs_001/ads/g/goldcoastvungtau/2025/12/13/212605/480x960/dfp/mobile/rmd/resp/inpage/index.html","size":"480x960"},{"link":"https://static.eclick.vn/html5/vs_001/ads/g/goldcoastvungtau/2025/12/13/212605/670x376/dfp/pc/std/resp/index.html","size":"670x376"}]
-------------------------------------------
Thời điểm xảy ra lỗi: 01:08:45 PM
Chi tiết lỗi:  data_html_banner_02: [{"name":"Banner_1920x270","click_through_url":"https://goldcoast-vungtau.com.vn/?utm_source=FPT&utm_medium=Vip1&utm_campaign=CPM","iframe_url":"https://static.eclick.vn/html5/vs_001/ads/g/goldcoastvungtau/2025/12/13/212605/1920x270/dfp/pc/rmd/fixed/index.html","ads_size":"1920x270","input_size":null,"index_industrial":"L1001_Bất động sản ","index_brand":"LB1001.1015_Gold Coast","campaign_name":"GoldCoast Vũng Tàu_Vip 1_12/01/2026 - 18/01/2026","creative_type":1,"creative_template":"Iframer Tracking","creative_url":"","run_mode":"iframe","thirparty":null,"Id":1,"index":0,"line_item_sync":0,"add_sizes":null,"third_party_tracking":[],"overlay_card":1,"data_creative_id":0,"safe_frame":0},{"name":"Banner_300x600","click_through_url":"https://goldcoast-vungtau.com.vn/?utm_source=FPT&utm_medium=Vip1&utm_campaign=CPM","iframe_url":"https://static.eclick.vn/html5/vs_007/ads/g/goldcoastvungtau/2025/12/13/212605/300x600/dfp/pc/std/fixed/index.html","ads_size":"300x600","input_size":null,"index_industrial":"L1001_Bất động sản ","index_brand":"LB1001.1015_Gold Coast","campaign_name":"GoldCoast Vũng Tàu_Vip 1_12/01/2026 - 18/01/2026","creative_type":1,"creative_template":"Iframer Tracking","creative_url":"","run_mode":"iframe","thirparty":null,"Id":2,"index":0,"line_item_sync":0,"add_sizes":null,"third_party_tracking":[],"overlay_card":1,"data_creative_id":0,"safe_frame":0},{"name":"Banner_414x207","click_through_url":"https://goldcoast-vungtau.com.vn/?utm_source=FPT&utm_medium=Vip1&utm_campaign=CPM","iframe_url":"https://static.eclick.vn/html5/vs_001/ads/g/goldcoastvungtau/2025/12/13/212605/414x207/dfp/mobile/std/resp/index.html","ads_size":"414x207","input_size":null,"index_industrial":"L1001_Bất động sản ","index_brand":"LB1001.1015_Gold Coast","campaign_name":"GoldCoast Vũng Tàu_Vip 1_12/01/2026 - 18/01/2026","creative_type":1,"creative_template":"Iframer Tracking","creative_url":"","run_mode":"iframe","thirparty":null,"Id":3,"index":0,"line_item_sync":0,"add_sizes":null,"third_party_tracking":[],"overlay_card":1,"data_creative_id":0,"safe_frame":0},{"name":"Banner_480x960","click_through_url":"https://goldcoast-vungtau.com.vn/?utm_source=FPT&utm_medium=Vip1&utm_campaign=CPM","iframe_url":"https://static.eclick.vn/html5/vs_001/ads/g/goldcoastvungtau/2025/12/13/212605/480x960/dfp/mobile/rmd/resp/inpage/index.html","ads_size":"480x960","input_size":null,"index_industrial":"L1001_Bất động sản ","index_brand":"LB1001.1015_Gold Coast","campaign_name":"GoldCoast Vũng Tàu_Vip 1_12/01/2026 - 18/01/2026","creative_type":1,"creative_template":"Iframer Tracking","creative_url":"","run_mode":"iframe","thirparty":null,"Id":4,"index":0,"line_item_sync":0,"add_sizes":null,"third_party_tracking":[],"overlay_card":1,"data_creative_id":0,"safe_frame":0},{"name":"Banner_670x376","click_through_url":"https://goldcoast-vungtau.com.vn/?utm_source=FPT&utm_medium=Vip1&utm_campaign=CPM","iframe_url":"https://static.eclick.vn/html5/vs_001/ads/g/goldcoastvungtau/2025/12/13/212605/670x376/dfp/pc/std/resp/index.html","ads_size":"670x376","input_size":null,"index_industrial":"L1001_Bất động sản ","index_brand":"LB1001.1015_Gold Coast","campaign_name":"GoldCoast Vũng Tàu_Vip 1_12/01/2026 - 18/01/2026","creative_type":1,"creative_template":"Iframer Tracking","creative_url":"","run_mode":"iframe","thirparty":null,"Id":5,"index":0,"line_item_sync":0,"add_sizes":null,"third_party_tracking":[],"overlay_card":1,"data_creative_id":0,"safe_frame":0}]
-------------------------------------------
Thời điểm xảy ra lỗi: 01:08:45 PM
Chi tiết lỗi:  data_html_banner_04: [{"Platform":"Desktop","PositionName":"VIP1(1920x270)","Ads_Size":"1920x270","Creative_Size":"1920x270","Percent":100,"Creative_Type":"1","IsPlacement":1,"Overlay_Card":1,"CategoryId":"","CategoryName":"VIP 1","Input_Size":"","Item_Type":5,"Safe_Frame":0,"USD":1}]
-------------------------------------------
Thời điểm xảy ra lỗi: 04:19:08 PM
Chi tiết lỗi:  data_html_banner: [{"link":"https://static.eclick.vn/html5/vs_001/ads/g/goldcoastvungtau/2025/12/13/212605/1920x270/dfp/pc/rmd/fixed/index.html","size":"1920x270"},{"link":"https://static.eclick.vn/html5/vs_007/ads/g/goldcoastvungtau/2025/12/13/212605/300x600/dfp/pc/std/fixed/index.html","size":"300x600"},{"link":"https://static.eclick.vn/html5/vs_001/ads/g/goldcoastvungtau/2025/12/13/212605/414x207/dfp/mobile/std/resp/index.html","size":"414x207"},{"link":"https://static.eclick.vn/html5/vs_001/ads/g/goldcoastvungtau/2025/12/13/212605/480x960/dfp/mobile/rmd/resp/inpage/index.html","size":"480x960"},{"link":"https://static.eclick.vn/html5/vs_001/ads/g/goldcoastvungtau/2025/12/13/212605/670x376/dfp/pc/std/resp/index.html","size":"670x376"}]
-------------------------------------------
Thời điểm xảy ra lỗi: 04:19:08 PM
Chi tiết lỗi:  data_html_banner_02: [{"name":"Banner_1920x270","click_through_url":"https://goldcoast-vungtau.com.vn/?utm_source=FPT&utm_medium=Vip1&utm_campaign=CPM","iframe_url":"https://static.eclick.vn/html5/vs_001/ads/g/goldcoastvungtau/2025/12/13/212605/1920x270/dfp/pc/rmd/fixed/index.html","ads_size":"1920x270","input_size":null,"index_industrial":"L1001_Bất động sản ","index_brand":"LB1001.1015_Gold Coast","campaign_name":"GoldCoast Vũng Tàu_Vip 1_12/01/2026 - 18/01/2026","creative_type":1,"creative_template":"Iframer Tracking","creative_url":"","run_mode":"iframe","thirparty":null,"Id":1,"index":0,"line_item_sync":0,"add_sizes":null,"third_party_tracking":[],"overlay_card":1,"data_creative_id":0,"safe_frame":0},{"name":"Banner_300x600","click_through_url":"https://goldcoast-vungtau.com.vn/?utm_source=FPT&utm_medium=Vip1&utm_campaign=CPM","iframe_url":"https://static.eclick.vn/html5/vs_007/ads/g/goldcoastvungtau/2025/12/13/212605/300x600/dfp/pc/std/fixed/index.html","ads_size":"300x600","input_size":null,"index_industrial":"L1001_Bất động sản ","index_brand":"LB1001.1015_Gold Coast","campaign_name":"GoldCoast Vũng Tàu_Vip 1_12/01/2026 - 18/01/2026","creative_type":1,"creative_template":"Iframer Tracking","creative_url":"","run_mode":"iframe","thirparty":null,"Id":2,"index":0,"line_item_sync":0,"add_sizes":null,"third_party_tracking":[],"overlay_card":1,"data_creative_id":0,"safe_frame":0},{"name":"Banner_414x207","click_through_url":"https://goldcoast-vungtau.com.vn/?utm_source=FPT&utm_medium=Vip1&utm_campaign=CPM","iframe_url":"https://static.eclick.vn/html5/vs_001/ads/g/goldcoastvungtau/2025/12/13/212605/414x207/dfp/mobile/std/resp/index.html","ads_size":"414x207","input_size":null,"index_industrial":"L1001_Bất động sản ","index_brand":"LB1001.1015_Gold Coast","campaign_name":"GoldCoast Vũng Tàu_Vip 1_12/01/2026 - 18/01/2026","creative_type":1,"creative_template":"Iframer Tracking","creative_url":"","run_mode":"iframe","thirparty":null,"Id":3,"index":0,"line_item_sync":0,"add_sizes":null,"third_party_tracking":[],"overlay_card":1,"data_creative_id":0,"safe_frame":0},{"name":"Banner_480x960","click_through_url":"https://goldcoast-vungtau.com.vn/?utm_source=FPT&utm_medium=Vip1&utm_campaign=CPM","iframe_url":"https://static.eclick.vn/html5/vs_001/ads/g/goldcoastvungtau/2025/12/13/212605/480x960/dfp/mobile/rmd/resp/inpage/index.html","ads_size":"480x960","input_size":null,"index_industrial":"L1001_Bất động sản ","index_brand":"LB1001.1015_Gold Coast","campaign_name":"GoldCoast Vũng Tàu_Vip 1_12/01/2026 - 18/01/2026","creative_type":1,"creative_template":"Iframer Tracking","creative_url":"","run_mode":"iframe","thirparty":null,"Id":4,"index":0,"line_item_sync":0,"add_sizes":null,"third_party_tracking":[],"overlay_card":1,"data_creative_id":0,"safe_frame":0},{"name":"Banner_670x376","click_through_url":"https://goldcoast-vungtau.com.vn/?utm_source=FPT&utm_medium=Vip1&utm_campaign=CPM","iframe_url":"https://static.eclick.vn/html5/vs_001/ads/g/goldcoastvungtau/2025/12/13/212605/670x376/dfp/pc/std/resp/index.html","ads_size":"670x376","input_size":null,"index_industrial":"L1001_Bất động sản ","index_brand":"LB1001.1015_Gold Coast","campaign_name":"GoldCoast Vũng Tàu_Vip 1_12/01/2026 - 18/01/2026","creative_type":1,"creative_template":"Iframer Tracking","creative_url":"","run_mode":"iframe","thirparty":null,"Id":5,"index":0,"line_item_sync":0,"add_sizes":null,"third_party_tracking":[],"overlay_card":1,"data_creative_id":0,"safe_frame":0}]
-------------------------------------------
Thời điểm xảy ra lỗi: 04:19:08 PM
Chi tiết lỗi:  data_html_banner_04: [{"Platform":"Desktop","PositionName":"VIP1(1920x270)","Ads_Size":"1920x270","Creative_Size":"1920x270","Percent":100,"Creative_Type":"1","IsPlacement":1,"Overlay_Card":1,"CategoryId":"","CategoryName":"VIP 1","Input_Size":"","Item_Type":5,"Safe_Frame":0,"USD":1}]
-------------------------------------------
Thời điểm xảy ra lỗi: 04:21:20 PM
Hàm/Phương thức sinh lỗi: addGeography - ERROR
Chi tiết lỗi: Exception occurred - index=0, error=invalid session id, stackTrace=   at OpenQA.Selenium.Remote.RemoteWebDriver.UnpackAndThrowOnError(Response errorResponse)
   at OpenQA.Selenium.Remote.RemoteWebDriver.Execute(String driverCommandToExecute, Dictionary`2 parameters)
   at OpenQA.Selenium.Remote.RemoteWebDriver.FindElement(String mechanism, String value)
   at OpenQA.Selenium.Remote.RemoteWebDriver.FindElementByXPath(String xpath)
   at OpenQA.Selenium.By.<>c__DisplayClass19_0.<XPath>b__0(ISearchContext context)
   at OpenQA.Selenium.By.FindElement(ISearchContext context)
   at OpenQA.Selenium.Remote.RemoteWebDriver.FindElement(By by)
   at AppAutoSubmitBannerDFP.ActionPartial.BrowserActionLibLineItem.addGeography(Int32 index) in D:\PROJECT\PROJECT_API_CLIENT_MODEL\SOURE_SVN\AppAutoSubmitBannerDFP\ActionPartial\BrowserActionLibLineItem.cs:line 2580, location_data=[{"location_id":0,"location_name":"VietNam","region":0,"include":1}]
-------------------------------------------
Thời điểm xảy ra lỗi: 04:21:24 PM
Hàm/Phương thức sinh lỗi: addGeography - ERROR
Chi tiết lỗi: Exception occurred - index=1, error=invalid session id, stackTrace=   at OpenQA.Selenium.Remote.RemoteWebDriver.UnpackAndThrowOnError(Response errorResponse)
   at OpenQA.Selenium.Remote.RemoteWebDriver.Execute(String driverCommandToExecute, Dictionary`2 parameters)
   at OpenQA.Selenium.Remote.RemoteWebDriver.FindElement(String mechanism, String value)
   at OpenQA.Selenium.Remote.RemoteWebDriver.FindElementByXPath(String xpath)
   at OpenQA.Selenium.By.<>c__DisplayClass19_0.<XPath>b__0(ISearchContext context)
   at OpenQA.Selenium.By.FindElement(ISearchContext context)
   at OpenQA.Selenium.Remote.RemoteWebDriver.FindElement(By by)
   at AppAutoSubmitBannerDFP.ActionPartial.BrowserActionLibLineItem.addGeography(Int32 index) in D:\PROJECT\PROJECT_API_CLIENT_MODEL\SOURE_SVN\AppAutoSubmitBannerDFP\ActionPartial\BrowserActionLibLineItem.cs:line 2580, location_data=[{"location_id":0,"location_name":"VietNam","region":0,"include":1}]
-------------------------------------------
Thời điểm xảy ra lỗi: 04:21:24 PM
Hàm/Phương thức sinh lỗi: addGeography - FINAL ERROR
Chi tiết lỗi: Failed after retry. Details: [{"location_id":0,"location_name":"VietNam","region":0,"include":1}], Error: OpenQA.Selenium.WebDriverException: invalid session id
   at OpenQA.Selenium.Remote.RemoteWebDriver.UnpackAndThrowOnError(Response errorResponse)
   at OpenQA.Selenium.Remote.RemoteWebDriver.Execute(String driverCommandToExecute, Dictionary`2 parameters)
   at OpenQA.Selenium.Remote.RemoteWebDriver.FindElement(String mechanism, String value)
   at OpenQA.Selenium.Remote.RemoteWebDriver.FindElementByXPath(String xpath)
   at OpenQA.Selenium.By.<>c__DisplayClass19_0.<XPath>b__0(ISearchContext context)
   at OpenQA.Selenium.By.FindElement(ISearchContext context)
   at OpenQA.Selenium.Remote.RemoteWebDriver.FindElement(By by)
   at AppAutoSubmitBannerDFP.ActionPartial.BrowserActionLibLineItem.addGeography(Int32 index) in D:\PROJECT\PROJECT_API_CLIENT_MODEL\SOURE_SVN\AppAutoSubmitBannerDFP\ActionPartial\BrowserActionLibLineItem.cs:line 2580
-------------------------------------------
Thời điểm xảy ra lỗi: 04:34:27 PM
Chi tiết lỗi:  data_html_banner: [{"link":"https://static.eclick.vn/html5/vs_001/ads/v/vin/limogreen/2026/01/13/216297/480x960/dfp/mobile/rmd/resp/inpage/index.html","size":"480x960"}]
-------------------------------------------
Thời điểm xảy ra lỗi: 04:34:27 PM
Chi tiết lỗi:  data_html_banner_02: [{"name":"Banner_480x960","click_through_url":"https://vinfastauto-tphcm.com.vn/","iframe_url":"https://static.eclick.vn/html5/vs_001/ads/v/vin/limogreen/2026/01/13/216297/480x960/dfp/mobile/rmd/resp/inpage/index.html","ads_size":"480x960","input_size":null,"index_industrial":"G1006_Xe","index_brand":"GB1006.46_VINFAST","campaign_name":"Banner tặng_Vin_MB Inpage_2000cpm","creative_type":1,"creative_template":"Iframer Tracking","creative_url":"","run_mode":"iframe","thirparty":null,"Id":1,"index":0,"line_item_sync":0,"add_sizes":null,"third_party_tracking":[],"overlay_card":1,"data_creative_id":0,"safe_frame":0}]
-------------------------------------------
Thời điểm xảy ra lỗi: 04:34:27 PM
Chi tiết lỗi:  data_html_banner_04: [{"Platform":"Mobile","PositionName":"IP12","Ads_Size":"Inpage iFrame (All)#$#320x640","Creative_Size":"480x960,320x640","Percent":85,"Creative_Type":"0","IsPlacement":1,"Overlay_Card":1,"CategoryId":"","CategoryName":"MB: Inpage Gr1: IP, IR, BP App","Input_Size":"","Item_Type":2,"Safe_Frame":0,"USD":1},{"Platform":"Mobile","PositionName":"IP12","Ads_Size":"Inpage iFrame (All)#$#320x640","Creative_Size":"480x960,320x640","Percent":85,"Creative_Type":"0","IsPlacement":1,"Overlay_Card":1,"CategoryId":"","CategoryName":"MB: Inpage Gr2: IP, IR, BP App","Input_Size":"","Item_Type":2,"Safe_Frame":0,"USD":1},{"Platform":"Mobile","PositionName":"IPHome","Ads_Size":"Inpage iFrame (All)#$#320x640","Creative_Size":"480x960,320x640","Percent":15,"Creative_Type":"0","IsPlacement":1,"Overlay_Card":1,"CategoryId":"","CategoryName":"MB: Inpage Gr1: IPHome","Input_Size":"","Item_Type":2,"Safe_Frame":0,"USD":1},{"Platform":"Mobile","PositionName":"IPHome","Ads_Size":"Inpage iFrame (All)#$#320x640","Creative_Size":"480x960,320x640","Percent":15,"Creative_Type":"0","IsPlacement":1,"Overlay_Card":1,"CategoryId":"","CategoryName":"MB: Inpage G2: IPHome","Input_Size":"","Item_Type":2,"Safe_Frame":0,"USD":1}]
-------------------------------------------
